#
# There is insufficient memory for the Java Runtime Environment to continue.
# Native memory allocation (mmap) failed to map 67108864 bytes for G1 virtual space
# Possible reasons:
#   The system is out of physical RAM or swap space
#   The process is running with CompressedOops enabled, and the Java Heap may be blocking the growth of the native heap
# Possible solutions:
#   Reduce memory load on the system
#   Increase physical memory or swap space
#   Check if swap backing store is full
#   Decrease Java heap size (-Xmx/-Xms)
#   Decrease number of Java threads
#   Decrease Java thread stack sizes (-Xss)
#   Set larger code cache with -XX:ReservedCodeCacheSize=
#   JVM is running with Unscaled Compressed Oops mode in which the Java heap is
#     placed in the first 4GB address space. The Java Heap base address is the
#     maximum limit for the native heap growth. Please use -XX:HeapBaseMinAddress
#     to set the Java Heap base and to place the Java Heap above 4GB virtual address.
# This output file may be truncated or incomplete.
#
#  Out of Memory Error (os_windows.cpp:3548), pid=2844, tid=24092
#
# JRE version:  (17.0.10+11) (build )
# Java VM: Java HotSpot(TM) 64-Bit Server VM (17.0.10+11-LTS-240, mixed mode, sharing, tiered, compressed oops, compressed class ptrs, g1 gc, windows-amd64)
# No core dump will be written. Minidumps are not enabled by default on client versions of Windows
#

---------------  S U M M A R Y ------------

Command Line: C:\Users\vinic\AppData\Local\Temp\surefire5487613932923147884\surefirebooter-20250411153322501_3.jar C:\Users\vinic\AppData\Local\Temp\surefire5487613932923147884 2025-04-11T15-33-21_347-jvmRun1 surefire-20250411153322501_1tmp surefire_0-20250411153322501_2tmp

Host: Intel(R) Core(TM) i3-8145U CPU @ 2.10GHz, 4 cores, 3G,  Windows 11 , 64 bit Build 26100 (10.0.26100.3775)
Time: Fri Apr 11 15:33:22 2025 Hora oficial do Brasil elapsed time: 0.048446 seconds (0d 0h 0m 0s)

---------------  T H R E A D  ---------------

Current thread (0x0000023911cfe460):  JavaThread "Unknown thread" [_thread_in_vm, id=24092, stack(0x000000a236700000,0x000000a236800000)]

Stack: [0x000000a236700000,0x000000a236800000]
Native frames: (J=compiled Java code, j=interpreted, Vv=VM code, C=native code)
V  [jvm.dll+0x677a5a]
V  [jvm.dll+0x7d8b2d]
V  [jvm.dll+0x7da48e]
V  [jvm.dll+0x7daaf3]
V  [jvm.dll+0x2455ff]
V  [jvm.dll+0x6749b9]
V  [jvm.dll+0x669382]
V  [jvm.dll+0x302e96]
V  [jvm.dll+0x30a416]
V  [jvm.dll+0x359cbe]
V  [jvm.dll+0x359eef]
V  [jvm.dll+0x2d9e88]
V  [jvm.dll+0x2dadf4]
V  [jvm.dll+0x7aa551]
V  [jvm.dll+0x367911]
V  [jvm.dll+0x789639]
V  [jvm.dll+0x3eb30f]
V  [jvm.dll+0x3ecd91]
C  [jli.dll+0x5297]
C  [ucrtbase.dll+0x37b0]
C  [KERNEL32.DLL+0x2e8d7]
C  [ntdll.dll+0xb14fc]


---------------  P R O C E S S  ---------------

Threads class SMR info:
_java_thread_list=0x00007ffd5e176a18, length=0, elements={
}

Java Threads: ( => current thread )

Other Threads:
  0x0000023911d3d140 GCTaskThread "GC Thread#0" [stack: 0x000000a236800000,0x000000a236900000] [id=17452]
  0x0000023911d45d40 ConcurrentGCThread "G1 Main Marker" [stack: 0x000000a236900000,0x000000a236a00000] [id=23248]
  0x0000023911d48080 ConcurrentGCThread "G1 Conc#0" [stack: 0x000000a236a00000,0x000000a236b00000] [id=26544]

[error occurred during error reporting (printing all threads), id 0xc0000005, EXCEPTION_ACCESS_VIOLATION (0xc0000005) at pc=0x00007ffd5d9aaae7]

VM state: not at safepoint (not fully initialized)

VM Mutex/Monitor currently owned by a thread:  ([mutex/lock_event])
[0x000002391030ca60] Heap_lock - owner thread: 0x0000023911cfe460

Heap address: 0x00000000c1e00000, size: 994 MB, Compressed Oops mode: 32-bit

CDS archive(s) mapped at: [0x0000000000000000-0x0000000000000000-0x0000000000000000), size 0, SharedBaseAddress: 0x0000000800000000, ArchiveRelocationMode: 1.
Narrow klass base: 0x0000000000000000, Narrow klass shift: 0, Narrow klass range: 0x0

GC Precious Log:
<Empty>

Heap:
 garbage-first heap   total 0K, used 0K [0x00000000c1e00000, 0x0000000100000000)
  region size 1024K, 0 young (0K), 0 survivors (0K)

[error occurred during error reporting (printing heap information), id 0xc0000005, EXCEPTION_ACCESS_VIOLATION (0xc0000005) at pc=0x00007ffd5dd91249]

GC Heap History (0 events):
No events

Deoptimization events (0 events):
No events

Classes unloaded (0 events):
No events

Classes redefined (0 events):
No events

Internal exceptions (0 events):
No events

VM Operations (0 events):
No events

Events (1 events):
Event: 0.027 Loaded shared library C:\Program Files\Java\jdk-17\bin\java.dll


Dynamic libraries:
0x00007ff7e3c60000 - 0x00007ff7e3c70000 	C:\Program Files\Java\jdk-17\bin\java.exe
0x00007ffde9c60000 - 0x00007ffde9ec0000 	C:\WINDOWS\SYSTEM32\ntdll.dll
0x00007ffde8c50000 - 0x00007ffde8d17000 	C:\WINDOWS\System32\KERNEL32.DLL
0x00007ffde7280000 - 0x00007ffde764a000 	C:\WINDOWS\System32\KERNELBASE.dll
0x00007ffde6e40000 - 0x00007ffde6f8b000 	C:\WINDOWS\System32\ucrtbase.dll
0x00007ffdd73f0000 - 0x00007ffdd740b000 	C:\Program Files\Java\jdk-17\bin\VCRUNTIME140.dll
0x00007ffdd4c40000 - 0x00007ffdd4c59000 	C:\Program Files\Java\jdk-17\bin\jli.dll
0x00007ffde7b10000 - 0x00007ffde7bc2000 	C:\WINDOWS\System32\ADVAPI32.dll
0x00007ffde7c80000 - 0x00007ffde7d29000 	C:\WINDOWS\System32\msvcrt.dll
0x00007ffde8d50000 - 0x00007ffde8df6000 	C:\WINDOWS\System32\sechost.dll
0x00007ffde9210000 - 0x00007ffde9326000 	C:\WINDOWS\System32\RPCRT4.dll
0x00007ffde8e00000 - 0x00007ffde8fcc000 	C:\WINDOWS\System32\USER32.dll
0x00007ffde7a30000 - 0x00007ffde7a57000 	C:\WINDOWS\System32\win32u.dll
0x00007ffde7c50000 - 0x00007ffde7c7a000 	C:\WINDOWS\System32\GDI32.dll
0x00007ffde7860000 - 0x00007ffde7991000 	C:\WINDOWS\System32\gdi32full.dll
0x00007ffde7650000 - 0x00007ffde76f3000 	C:\WINDOWS\System32\msvcp_win.dll
0x00007ffdd5340000 - 0x00007ffdd534b000 	C:\WINDOWS\SYSTEM32\VERSION.dll
0x00007ffdccec0000 - 0x00007ffdcd157000 	C:\WINDOWS\WinSxS\amd64_microsoft.windows.common-controls_6595b64144ccf1df_6.0.26100.3624_none_3e086962e3345f24\COMCTL32.dll
0x00007ffde91d0000 - 0x00007ffde91ff000 	C:\WINDOWS\System32\IMM32.DLL
0x00007ffdd7450000 - 0x00007ffdd745c000 	C:\Program Files\Java\jdk-17\bin\vcruntime140_1.dll
0x00007ffd88b70000 - 0x00007ffd88bfe000 	C:\Program Files\Java\jdk-17\bin\msvcp140.dll
0x00007ffd5d6c0000 - 0x00007ffd5e29f000 	C:\Program Files\Java\jdk-17\bin\server\jvm.dll
0x00007ffdd73e0000 - 0x00007ffdd73ea000 	C:\WINDOWS\SYSTEM32\WSOCK32.dll
0x00007ffdcd160000 - 0x00007ffdcd196000 	C:\WINDOWS\SYSTEM32\WINMM.dll
0x00007ffde8150000 - 0x00007ffde8158000 	C:\WINDOWS\System32\PSAPI.DLL
0x00007ffde8890000 - 0x00007ffde8904000 	C:\WINDOWS\System32\WS2_32.dll
0x00007ffde5c30000 - 0x00007ffde5c4a000 	C:\WINDOWS\SYSTEM32\kernel.appcore.dll
0x00007ffdd59a0000 - 0x00007ffdd59aa000 	C:\Program Files\Java\jdk-17\bin\jimage.dll
0x00007ffde4530000 - 0x00007ffde4771000 	C:\WINDOWS\SYSTEM32\DBGHELP.DLL
0x00007ffde7d40000 - 0x00007ffde80c2000 	C:\WINDOWS\System32\combase.dll
0x00007ffde9430000 - 0x00007ffde9506000 	C:\WINDOWS\System32\OLEAUT32.dll
0x00007ffda6d40000 - 0x00007ffda6d79000 	C:\WINDOWS\SYSTEM32\dbgcore.DLL
0x00007ffde77c0000 - 0x00007ffde7859000 	C:\WINDOWS\System32\bcryptPrimitives.dll
0x00007ffdd03d0000 - 0x00007ffdd03f5000 	C:\Program Files\Java\jdk-17\bin\java.dll

dbghelp: loaded successfully - version: 4.0.5 - missing functions: none
symbol engine: initialized successfully - sym options: 0x614 - pdb path: .;C:\Program Files\Java\jdk-17\bin;C:\WINDOWS\SYSTEM32;C:\WINDOWS\WinSxS\amd64_microsoft.windows.common-controls_6595b64144ccf1df_6.0.26100.3624_none_3e086962e3345f24;C:\Program Files\Java\jdk-17\bin\server

VM Arguments:
java_command: C:\Users\vinic\AppData\Local\Temp\surefire5487613932923147884\surefirebooter-20250411153322501_3.jar C:\Users\vinic\AppData\Local\Temp\surefire5487613932923147884 2025-04-11T15-33-21_347-jvmRun1 surefire-20250411153322501_1tmp surefire_0-20250411153322501_2tmp
java_class_path (initial): C:\Users\vinic\AppData\Local\Temp\surefire5487613932923147884\surefirebooter-20250411153322501_3.jar
Launcher Type: SUN_STANDARD

[Global flags]
     intx CICompilerCount                          = 3                                         {product} {ergonomic}
     uint ConcGCThreads                            = 1                                         {product} {ergonomic}
     uint G1ConcRefinementThreads                  = 4                                         {product} {ergonomic}
   size_t G1HeapRegionSize                         = 1048576                                   {product} {ergonomic}
    uintx GCDrainStackTargetSize                   = 64                                        {product} {ergonomic}
   size_t InitialHeapSize                          = 67108864                                  {product} {ergonomic}
   size_t MarkStackSize                            = 4194304                                   {product} {ergonomic}
   size_t MaxHeapSize                              = 1042284544                                {product} {ergonomic}
   size_t MinHeapDeltaBytes                        = 1048576                                   {product} {ergonomic}
   size_t MinHeapSize                              = 8388608                                   {product} {ergonomic}
    uintx NonNMethodCodeHeapSize                   = 5832780                                {pd product} {ergonomic}
    uintx NonProfiledCodeHeapSize                  = 122912730                              {pd product} {ergonomic}
    uintx ProfiledCodeHeapSize                     = 122912730                              {pd product} {ergonomic}
    uintx ReservedCodeCacheSize                    = 251658240                              {pd product} {ergonomic}
     bool SegmentedCodeCache                       = true                                      {product} {ergonomic}
   size_t SoftMaxHeapSize                          = 1042284544                             {manageable} {ergonomic}
     bool UseCompressedClassPointers               = true                           {product lp64_product} {ergonomic}
     bool UseCompressedOops                        = true                           {product lp64_product} {ergonomic}
     bool UseG1GC                                  = true                                      {product} {ergonomic}
     bool UseLargePagesIndividualAllocation        = false                                  {pd product} {ergonomic}

Logging:
Log output configuration:
 #0: stdout all=warning uptime,level,tags
 #1: stderr all=off uptime,level,tags

Environment Variables:
PATH=C:\Program Files\Common Files\Oracle\Java\javapath;C:\WINDOWS\system32;C:\WINDOWS;C:\WINDOWS\System32\Wbem;C:\WINDOWS\System32\WindowsPowerShell\v1.0\;C:\WINDOWS\System32\OpenSSH\;C:\Program Files (x86)\Intel\Intel(R) Management Engine Components\DAL;C:\Program Files\Intel\Intel(R) Management Engine Components\DAL;C:\Program Files\Docker\Docker\resources\bin;C:\ProgramData\DockerDesktop\version-bin;C:\Program Files\dotnet\;C:\Program Files\Git\cmd;C:\Users\samue\Graphviz\bin;C:\Program Files (x86)\Microsoft SQL Server\160\Tools\Binn\;C:\Program Files\Microsoft SQL Server\160\Tools\Binn\;C:\Program Files\Microsoft SQL Server\Client SDK\ODBC\170\Tools\Binn\;C:\Program Files\Microsoft SQL Server\160\DTS\Binn\;C:\Users\vinic\AppData\Local\Microsoft\WindowsApps;C:\Users\vinic\AppData\Local\Programs\Git\cmd;C:\Users\vinic\AppData\Local\Programs\Git\mingw64\bin;C:\Users\vinic\AppData\Local\Programs\Git\usr\bin;C:\Users\vinic\OneDrive\Área de Trabalho\apache-maven-3.9.9\bin;
USERNAME=vinic
OS=Windows_NT
PROCESSOR_IDENTIFIER=Intel64 Family 6 Model 142 Stepping 12, GenuineIntel



---------------  S Y S T E M  ---------------

OS:
 Windows 11 , 64 bit Build 26100 (10.0.26100.3775)
OS uptime: 1 days 17:24 hours
Hyper-V role detected

CPU: total 4 (initial active 4) (2 cores per cpu, 2 threads per core) family 6 model 142 stepping 12 microcode 0xf8, cx8, cmov, fxsr, ht, mmx, 3dnowpref, sse, sse2, sse3, ssse3, sse4.1, sse4.2, popcnt, lzcnt, tsc, tscinvbit, avx, avx2, aes, erms, clmul, bmi1, bmi2, adx, fma, vzeroupper, clflush, clflushopt, hv

Memory: 4k page, system-wide physical 3973M (254M free)
TotalPageFile size 16257M (AvailPageFile size 43M)
current process WorkingSet (physical memory assigned to process): 11M, peak: 11M
current process commit charge ("private bytes"): 52M, peak: 115M

vm_info: Java HotSpot(TM) 64-Bit Server VM (17.0.10+11-LTS-240) for windows-amd64 JRE (17.0.10+11-LTS-240), built on Dec 19 2023 21:47:25 by "mach5one" with MS VC++ 17.1 (VS2022)

END.
